import Mathlib

namespace LeanW26

/-
Propositional Connectives
===

Overview
===
Inductive types capture all of propositional logic, first order logic, and more.

Instead of defining _and_, _or_ and the other logical connectives as
built-in operators in CIC, they are just defined terms of more primitive inductive types.

In this slide deck we redefine the connectives, to understand how they work.
To avoid naming conflicts with Lean's standard library, we open a namespace.

-/

namespace Temp

/- We'll now defined `Temp.And`, `Temp.Or`, etc. -/

/-
And is an Inductive Type
===

Recall the inference rule
```none
                 Γ ⊢ φ   Γ ⊢ ψ
    ∧-Intro ———————————————————
                  Γ ⊢ φ ∧ ψ
```

It states that whenever we know propositions `φ` and `ψ`, then we know `φ ∧ ψ`.
From the point of view of types,
it says that if `φ` and `ψ` are of type `Prop`, then so is `φ ∧ ψ`.
In Lean we can write this as an inductive type definition as follows. -/

inductive And (φ ψ : Prop) : Prop where
  | intro : φ → ψ → And φ ψ

/- You can think of `h : And p q` as
- `h` has type `And p q`
- `h` is evidence that the type `And p q` is not empty
- `h` is a proof of the proposition `And p q`.

Proof of a Simple Proposition
===

Consider the proposition
```lean
p → q → And p q
```

As a type, this proposition is a function from `p to q` to `And p q`.
Thus, we know that an element of this type has the form
```lean
fun hp => fun hq => sorry
```

For the body of this lambda abstraction, we need to `introduce` an `And` type,
which requires proofs of `p` and `q` respectively. Using the inductive definition of `And` we get
```lean
fun hp hq => And.intro hp hq
```
-/

example (p q : Prop) : p → q → And p q :=
  fun hp => fun hq => And.intro hp hq

/-
And Elimination
===

The elimination rules for `And` are
```none
                Γ ⊢ φ ∧ ψ                          Γ ⊢ φ ∧ ψ
  ∧-Elim-Left ——————————————         ∧-Elim-Right —————————————
                  Γ ⊢ φ                              Γ ⊢ ψ
```
which we can write in Lean as -/

def And.left {p q : Prop} (hpq : And p q) :=
  match hpq with
  | And.intro hp _ => hp

def And.right {p q : Prop} (hpq : And p q) :=
  match hpq with
  | And.intro _ hq => hq

/-
Proofs with And-Elimination
===

With these inference rules, we can do more proofs: -/

example (p q : Prop) : (And p q) → p :=
  fun hpq => And.left hpq

example (p q : Prop) : (And p q) → (And q p) :=
  fun hpq => And.intro hpq.right hpq.left

/-
Match is Enough
===

The elimination rules above are a _convenience_ we defined to make the proof look
more like propositional logic. We could also have written: -/

example (p q : Prop) : (And p q) → p :=
  λ hpq => match hpq with
    | And.intro hp _ => hp

/- That is, `match` is a generic elimination rule.

Or is Inductive
===

To introduce new `Or` propositions, we use the two introduction rules
```none
                 Γ ⊢ φ                              Γ ⊢ ψ
 ∨-Intro-Left ———————————          ∨-Intro-Right ————————————
               Γ ⊢ φ ∨ ψ                          Γ ⊢ φ ∨ ψ
```
In Lean, we have -/

inductive Or (φ ψ : Prop) : Prop where
  | inl (h : φ) : Or φ ψ
  | inr (h : ψ) : Or φ ψ

/- And we can use this inference rule in proofs as well. -/

example (p q : Prop) : And p q → Or p q :=
  fun hpq => Or.inr hpq.right

/-
Or Elimination
===

Recall the inference rule
```none
           Γ,p ⊢ r    Γ,q ⊢ r    Γ ⊢ p ∨ q
  ∨-Elim ————————————————————————————————————
                       Γ ⊢ r
```

It allows us to prove `r` given proofs that `p → r`, `q → r` and `p ∨ q`.
We can define this rule in Lean with: -/

def Or.elim {p q r : Prop} (hpq : Or p q) (hpr : p → r) (hqr : q → r) :=
  match hpq with
  | Or.inl hp => hpr hp
  | Or.inr hq => hqr hq

/-
Example of and Or-Elim Proof
===

Here is an example proof using or introduction and elimination. -/

example (p q : Prop): Or p q → Or q p :=
  fun hpq => Or.elim
      hpq                                 -- p ∨ q
      (fun hp => Or.inr hp)               -- p → (q ∨ p)
      (fun hq => Or.inl hq)               -- q → (q ∨ p)

/- Once again, the elimination rule is just a convenience and
the proof could have been written with `match`.

False is Inductive
===

Finally, we have `False`, which has no introduction rule, kind of like `Empty`,
except we add the requirement that `False` is also type of `Prop`.  -/

inductive False : Prop

/- From False we get the `Not` connective, which is "syntactic sugar". -/

def Not (p : Prop) : Prop := p → False

/- Here is an example proof: -/

example (p q : Prop) : (p → q) → (Not q → Not p) :=
  fun hpq hq => fun hp => hq (hpq hp)

/-
False Elimination
===

To define the elimination rule for `False`
```
           Γ ⊢ ⊥
  ⊥-Elim ——————————
           Γ ⊢ p
```
we take advantage of the fact that `False` was defined inductively. -/

def False.elim {p : Prop} (h : False) : p :=
  nomatch h

/- Here is an example proof that from False you can conclude anything: -/

example (p q : Prop) : And p (Not p) → q :=
  fun h => False.elim (h.right h.left)

/- This elimination rule provides another way to prove the example: -/

example : False → True :=
  False.elim

/-
Notation
===

Lean defines notation like `∨` and `∧` for logic to make it look like math.
We won't redo that entire infrastructure here.
But to give a sense of it, here is how Lean defines infix
notation for `Or`, `And`, and `Not` notation.

```hs
infixr:30 " ∨ "  => Or
infixr:35 " ∧ "   => And
notation:max "¬" p:40 => Not p
```

The numbers define the precedence of the operations. So `v` has lower precedence than `∧`,
which has lower precedence than `¬`.

Now we can write: -/

end Temp -- start using Lean's propositions

example (p q : Prop) : (p ∧ (¬p)) → q :=
  fun h => False.elim (h.right h.left)

/-
<div class='fn'>https://github.com/leanprover/lean4/blob/master/src/Init/Notation.lean</div>
-/


/-
Exercises
===

<span></span> 1) Try to do as many of these as possible. These are borrowed from the [Theorem Proving in Lean Book](https://lean-lang.org/theorem_proving_in_lean4/title_page.html). -/

variable (p q r : Prop)

example (h : p ∨ q) : q ∨ p := sorry
example : p ∧ q ↔ q ∧ p := sorry
example : p ∨ q ↔ q ∨ p := sorry
example : (p ∨ q) ∨ r ↔ p ∨ (q ∨ r) := sorry
example : p ∧ (q ∨ r) ↔ (p ∧ q) ∨ (p ∧ r) := sorry
example : p ∨ (q ∧ r) ↔ (p ∨ q) ∧ (p ∨ r) := sorry
example : (p → (q → r)) ↔ (p ∧ q → r) := sorry
example : ((p ∨ q) → r) ↔ (p → r) ∧ (q → r) := sorry
example : ¬(p ∨ q) ↔ ¬p ∧ ¬q := sorry
example : ¬p ∨ ¬q → ¬(p ∧ q) := sorry
example : ¬(p ∧ ¬p) := sorry
example : p ∧ ¬q → ¬(p → q) := sorry
example : ¬p → (p → q) := sorry
example : (¬p ∨ q) → (p → q) := sorry
example : p ∨ False ↔ p := sorry
example : p ∧ False ↔ False := sorry
example : (p → q) → (¬q → ¬p) := sorry
example : (p → q) → (¬q → ¬p) := sorry


/- <span></span> 2) Consider the Not-Or operation also known as Nor. It has the following inference rules:

```
                 Γ ⊢ ¬p   Γ ⊢ ¬q
  `Nor-Intro` ———————————————————
                  Γ ⊢ Nor p q


                    Γ ⊢ Nor p q                            Γ ⊢ Nor p q
  `Nor-Elim-Left` ——————————————         `Nor-Elim-Right` —————————————
                      Γ ⊢ ¬p                                 Γ ⊢ ¬q

```

Define these in Lean. Here is a start: -/

inductive Nor (p q : Prop) : Prop where
  | intro : ¬p → ¬q → Nor p q

def Nor.elim_left {p q : Prop} (hnpq : Nor p q) := sorry

def Nor.elim_right {p q : Prop} (hnpq : Nor p q) := sorry


/- <span></span> 3) Use the above Nor inference rules, and the regular inference rules from Lean's propopsitional logic, to prove the following examples. Note, *do not* use the Classical logic option for these. It isn't needed.  -/

example (p : Prop) : ¬p → (Nor p p) := sorry
example (p q : Prop) : (Nor p q) → ¬(p ∨ q) := sorry
example (p q : Prop) : ¬(p ∨ q) → (Nor p q) := sorry

6) Using the definition of natural numbers below, define functions that perform multiplication and exponentiation similarly to how addition was defined in the Lecture on Inductive Types. Do *not* use Lean's built in natural numbers to do this. Evaluate your functions on a few examples to show they work. -/

namespace Temp

inductive Nat where
  | zero : Nat
  | succ : Nat → Nat           -- succ stand for `successor`

open Nat

def mult (m n : Nat) : Nat := sorry
def exp (m n : Nat) : Nat := sorry

/- <span></span>
4) Using Lean's built in Integer class, we can define a new inductive type `GaussianInt` as follows: -/

inductive GaussianInt where
  | gint : Int → Int → GaussianInt

open GaussianInt

/- For example, we can represent the complex number 1 + 2 i with -/

#check gint 1 2

/- Define real, imaginary, addition, subtraction, complex conjugate, and multiplication operations for GaussianInt: -/

def re (x : GaussianInt) : Int := sorry
def im (x : GaussianInt) : Int := sorry
def cadd (x y : GaussianInt) : GaussianInt := sorry
def csub (x y : GaussianInt) : GaussianInt := sorry
def conjugate (x : GaussianInt) : GaussianInt := sorry
def cmul (x y : GaussianInt) : GaussianInt := sorry

/- Test all of these with eval to make sure they work. -/


/-
References
===

- https://lean-lang.org/theorem_proving_in_lean4/inductive_types.html

- Homotypy Type Theory Book
  https://homotopytypetheory.org/book/
  Chapter 5 covers inductive types

-/

--hide
end LeanW26
--unhide

